INFO:root:
 Decoded tree as: Selector: Root
| Selector: Selector
| | Check: have_largest_fleet
| | Selector: Selector
| | | Action: min_ships_from_strongest_planet_to_nearest_enemy
| | | Check: have_largest_fleet

DEBUG:root:Executing:Selector: Root
DEBUG:root:Executing:Selector: Selector
DEBUG:root:Executing:Check: have_largest_fleet
DEBUG:root:Result: Check: have_largest_fleet -> Failure
DEBUG:root:Executing:Selector: Selector
DEBUG:root:Executing:Action: min_ships_from_strongest_planet_to_nearest_enemy
DEBUG:root:Result: Action: min_ships_from_strongest_planet_to_nearest_enemy -> Failure
DEBUG:root:Executing:Check: have_largest_fleet
DEBUG:root:Result: Check: have_largest_fleet -> Failure
DEBUG:root:Result: Selector: Selector -> Failure
DEBUG:root:Result: Selector: Selector -> Failure
DEBUG:root:Result: Selector: Root -> Failure
DEBUG:root:Finish turn

DEBUG:root:Executing:Selector: Root
DEBUG:root:Executing:Selector: Selector
DEBUG:root:Executing:Check: have_largest_fleet
DEBUG:root:Result: Check: have_largest_fleet -> Failure
DEBUG:root:Executing:Selector: Selector
DEBUG:root:Executing:Action: min_ships_from_strongest_planet_to_nearest_enemy
DEBUG:root:Bad order:1 105.0 130.0
DEBUG:root:Result: Action: min_ships_from_strongest_planet_to_nearest_enemy -> Failure
DEBUG:root:Executing:Check: have_largest_fleet
DEBUG:root:Result: Check: have_largest_fleet -> Failure
DEBUG:root:Result: Selector: Selector -> Failure
DEBUG:root:Result: Selector: Selector -> Failure
DEBUG:root:Result: Selector: Root -> Failure
DEBUG:root:Finish turn

DEBUG:root:Executing:Selector: Root
DEBUG:root:Executing:Selector: Selector
DEBUG:root:Executing:Check: have_largest_fleet
DEBUG:root:Result: Check: have_largest_fleet -> Failure
DEBUG:root:Executing:Selector: Selector
DEBUG:root:Executing:Action: min_ships_from_strongest_planet_to_nearest_enemy
DEBUG:root:Bad order:1 110.0 130.0
DEBUG:root:Result: Action: min_ships_from_strongest_planet_to_nearest_enemy -> Failure
DEBUG:root:Executing:Check: have_largest_fleet
DEBUG:root:Result: Check: have_largest_fleet -> Failure
DEBUG:root:Result: Selector: Selector -> Failure
DEBUG:root:Result: Selector: Selector -> Failure
DEBUG:root:Result: Selector: Root -> Failure
DEBUG:root:Finish turn

DEBUG:root:Executing:Selector: Root
DEBUG:root:Executing:Selector: Selector
DEBUG:root:Executing:Check: have_largest_fleet
DEBUG:root:Result: Check: have_largest_fleet -> Failure
DEBUG:root:Executing:Selector: Selector
DEBUG:root:Executing:Action: min_ships_from_strongest_planet_to_nearest_enemy
DEBUG:root:Bad order:1 115.0 130.0
DEBUG:root:Result: Action: min_ships_from_strongest_planet_to_nearest_enemy -> Failure
DEBUG:root:Executing:Check: have_largest_fleet
DEBUG:root:Result: Check: have_largest_fleet -> Failure
DEBUG:root:Result: Selector: Selector -> Failure
DEBUG:root:Result: Selector: Selector -> Failure
DEBUG:root:Result: Selector: Root -> Failure
DEBUG:root:Finish turn

DEBUG:root:Executing:Selector: Root
DEBUG:root:Executing:Selector: Selector
DEBUG:root:Executing:Check: have_largest_fleet
DEBUG:root:Result: Check: have_largest_fleet -> Failure
DEBUG:root:Executing:Selector: Selector
DEBUG:root:Executing:Action: min_ships_from_strongest_planet_to_nearest_enemy
DEBUG:root:Bad order:1 120.0 135.0
DEBUG:root:Result: Action: min_ships_from_strongest_planet_to_nearest_enemy -> Failure
DEBUG:root:Executing:Check: have_largest_fleet
DEBUG:root:Result: Check: have_largest_fleet -> Failure
DEBUG:root:Result: Selector: Selector -> Failure
DEBUG:root:Result: Selector: Selector -> Failure
DEBUG:root:Result: Selector: Root -> Failure
DEBUG:root:Finish turn

DEBUG:root:Executing:Selector: Root
DEBUG:root:Executing:Selector: Selector
DEBUG:root:Executing:Check: have_largest_fleet
DEBUG:root:Result: Check: have_largest_fleet -> Failure
DEBUG:root:Executing:Selector: Selector
DEBUG:root:Executing:Action: min_ships_from_strongest_planet_to_nearest_enemy
DEBUG:root:Order:1 2 119.0
DEBUG:root:Result: Action: min_ships_from_strongest_planet_to_nearest_enemy -> Success
DEBUG:root:Result: Selector: Selector -> Success
DEBUG:root:Result: Selector: Selector -> Success
DEBUG:root:Result: Selector: Root -> Success
DEBUG:root:Finish turn

DEBUG:root:Executing:Selector: Root
DEBUG:root:Executing:Selector: Selector
DEBUG:root:Executing:Check: have_largest_fleet
DEBUG:root:Result: Check: have_largest_fleet -> Failure
DEBUG:root:Executing:Selector: Selector
DEBUG:root:Executing:Action: min_ships_from_strongest_planet_to_nearest_enemy
DEBUG:root:Result: Action: min_ships_from_strongest_planet_to_nearest_enemy -> Failure
DEBUG:root:Executing:Check: have_largest_fleet
DEBUG:root:Result: Check: have_largest_fleet -> Failure
DEBUG:root:Result: Selector: Selector -> Failure
DEBUG:root:Result: Selector: Selector -> Failure
DEBUG:root:Result: Selector: Root -> Failure
DEBUG:root:Finish turn

DEBUG:root:Executing:Selector: Root
DEBUG:root:Executing:Selector: Selector
DEBUG:root:Executing:Check: have_largest_fleet
DEBUG:root:Result: Check: have_largest_fleet -> Failure
DEBUG:root:Executing:Selector: Selector
DEBUG:root:Executing:Action: min_ships_from_strongest_planet_to_nearest_enemy
DEBUG:root:Result: Action: min_ships_from_strongest_planet_to_nearest_enemy -> Failure
DEBUG:root:Executing:Check: have_largest_fleet
DEBUG:root:Result: Check: have_largest_fleet -> Failure
DEBUG:root:Result: Selector: Selector -> Failure
DEBUG:root:Result: Selector: Selector -> Failure
DEBUG:root:Result: Selector: Root -> Failure
DEBUG:root:Finish turn

DEBUG:root:Executing:Selector: Root
DEBUG:root:Executing:Selector: Selector
DEBUG:root:Executing:Check: have_largest_fleet
DEBUG:root:Result: Check: have_largest_fleet -> Success
DEBUG:root:Result: Selector: Selector -> Success
DEBUG:root:Result: Selector: Root -> Success
DEBUG:root:Finish turn

DEBUG:root:Executing:Selector: Root
DEBUG:root:Executing:Selector: Selector
DEBUG:root:Executing:Check: have_largest_fleet
DEBUG:root:Result: Check: have_largest_fleet -> Success
DEBUG:root:Result: Selector: Selector -> Success
DEBUG:root:Result: Selector: Root -> Success
DEBUG:root:Finish turn

DEBUG:root:Executing:Selector: Root
DEBUG:root:Executing:Selector: Selector
DEBUG:root:Executing:Check: have_largest_fleet
DEBUG:root:Result: Check: have_largest_fleet -> Success
DEBUG:root:Result: Selector: Selector -> Success
DEBUG:root:Result: Selector: Root -> Success
DEBUG:root:Finish turn

DEBUG:root:Executing:Selector: Root
DEBUG:root:Executing:Selector: Selector
DEBUG:root:Executing:Check: have_largest_fleet
DEBUG:root:Result: Check: have_largest_fleet -> Success
DEBUG:root:Result: Selector: Selector -> Success
DEBUG:root:Result: Selector: Root -> Success
DEBUG:root:Finish turn

DEBUG:root:Executing:Selector: Root
DEBUG:root:Executing:Selector: Selector
DEBUG:root:Executing:Check: have_largest_fleet
DEBUG:root:Result: Check: have_largest_fleet -> Success
DEBUG:root:Result: Selector: Selector -> Success
DEBUG:root:Result: Selector: Root -> Success
DEBUG:root:Finish turn

DEBUG:root:Executing:Selector: Root
DEBUG:root:Executing:Selector: Selector
DEBUG:root:Executing:Check: have_largest_fleet
DEBUG:root:Result: Check: have_largest_fleet -> Success
DEBUG:root:Result: Selector: Selector -> Success
DEBUG:root:Result: Selector: Root -> Success
DEBUG:root:Finish turn

DEBUG:root:Executing:Selector: Root
DEBUG:root:Executing:Selector: Selector
DEBUG:root:Executing:Check: have_largest_fleet
DEBUG:root:Result: Check: have_largest_fleet -> Success
DEBUG:root:Result: Selector: Selector -> Success
DEBUG:root:Result: Selector: Root -> Success
DEBUG:root:Finish turn

DEBUG:root:Executing:Selector: Root
DEBUG:root:Executing:Selector: Selector
DEBUG:root:Executing:Check: have_largest_fleet
DEBUG:root:Result: Check: have_largest_fleet -> Success
DEBUG:root:Result: Selector: Selector -> Success
DEBUG:root:Result: Selector: Root -> Success
DEBUG:root:Finish turn

DEBUG:root:Executing:Selector: Root
DEBUG:root:Executing:Selector: Selector
DEBUG:root:Executing:Check: have_largest_fleet
DEBUG:root:Result: Check: have_largest_fleet -> Success
DEBUG:root:Result: Selector: Selector -> Success
DEBUG:root:Result: Selector: Root -> Success
DEBUG:root:Finish turn

DEBUG:root:Executing:Selector: Root
DEBUG:root:Executing:Selector: Selector
DEBUG:root:Executing:Check: have_largest_fleet
DEBUG:root:Result: Check: have_largest_fleet -> Success
DEBUG:root:Result: Selector: Selector -> Success
DEBUG:root:Result: Selector: Root -> Success
DEBUG:root:Finish turn

DEBUG:root:Executing:Selector: Root
DEBUG:root:Executing:Selector: Selector
DEBUG:root:Executing:Check: have_largest_fleet
DEBUG:root:Result: Check: have_largest_fleet -> Success
DEBUG:root:Result: Selector: Selector -> Success
DEBUG:root:Result: Selector: Root -> Success
DEBUG:root:Finish turn

DEBUG:root:Executing:Selector: Root
DEBUG:root:Executing:Selector: Selector
DEBUG:root:Executing:Check: have_largest_fleet
DEBUG:root:Result: Check: have_largest_fleet -> Success
DEBUG:root:Result: Selector: Selector -> Success
DEBUG:root:Result: Selector: Root -> Success
DEBUG:root:Finish turn

DEBUG:root:Executing:Selector: Root
DEBUG:root:Executing:Selector: Selector
DEBUG:root:Executing:Check: have_largest_fleet
DEBUG:root:Result: Check: have_largest_fleet -> Success
DEBUG:root:Result: Selector: Selector -> Success
DEBUG:root:Result: Selector: Root -> Success
DEBUG:root:Finish turn

DEBUG:root:Executing:Selector: Root
DEBUG:root:Executing:Selector: Selector
DEBUG:root:Executing:Check: have_largest_fleet
DEBUG:root:Result: Check: have_largest_fleet -> Success
DEBUG:root:Result: Selector: Selector -> Success
DEBUG:root:Result: Selector: Root -> Success
DEBUG:root:Finish turn

DEBUG:root:Executing:Selector: Root
DEBUG:root:Executing:Selector: Selector
DEBUG:root:Executing:Check: have_largest_fleet
DEBUG:root:Result: Check: have_largest_fleet -> Success
DEBUG:root:Result: Selector: Selector -> Success
DEBUG:root:Result: Selector: Root -> Success
DEBUG:root:Finish turn

DEBUG:root:Executing:Selector: Root
DEBUG:root:Executing:Selector: Selector
DEBUG:root:Executing:Check: have_largest_fleet
DEBUG:root:Result: Check: have_largest_fleet -> Failure
DEBUG:root:Executing:Selector: Selector
DEBUG:root:Executing:Action: min_ships_from_strongest_planet_to_nearest_enemy
DEBUG:root:Order:1 21 81.0
DEBUG:root:Result: Action: min_ships_from_strongest_planet_to_nearest_enemy -> Success
DEBUG:root:Result: Selector: Selector -> Success
DEBUG:root:Result: Selector: Selector -> Success
DEBUG:root:Result: Selector: Root -> Success
DEBUG:root:Finish turn

DEBUG:root:Executing:Selector: Root
DEBUG:root:Executing:Selector: Selector
DEBUG:root:Executing:Check: have_largest_fleet
DEBUG:root:Result: Check: have_largest_fleet -> Failure
DEBUG:root:Executing:Selector: Selector
DEBUG:root:Executing:Action: min_ships_from_strongest_planet_to_nearest_enemy
DEBUG:root:Order:1 0 2.0
DEBUG:root:Result: Action: min_ships_from_strongest_planet_to_nearest_enemy -> Success
DEBUG:root:Result: Selector: Selector -> Success
DEBUG:root:Result: Selector: Selector -> Success
DEBUG:root:Result: Selector: Root -> Success
DEBUG:root:Finish turn

DEBUG:root:Executing:Selector: Root
DEBUG:root:Executing:Selector: Selector
DEBUG:root:Executing:Check: have_largest_fleet
DEBUG:root:Result: Check: have_largest_fleet -> Failure
DEBUG:root:Executing:Selector: Selector
DEBUG:root:Executing:Action: min_ships_from_strongest_planet_to_nearest_enemy
DEBUG:root:Order:1 0 2.0
DEBUG:root:Result: Action: min_ships_from_strongest_planet_to_nearest_enemy -> Success
DEBUG:root:Result: Selector: Selector -> Success
DEBUG:root:Result: Selector: Selector -> Success
DEBUG:root:Result: Selector: Root -> Success
DEBUG:root:Finish turn

DEBUG:root:Executing:Selector: Root
DEBUG:root:Executing:Selector: Selector
DEBUG:root:Executing:Check: have_largest_fleet
DEBUG:root:Result: Check: have_largest_fleet -> Failure
DEBUG:root:Executing:Selector: Selector
DEBUG:root:Executing:Action: min_ships_from_strongest_planet_to_nearest_enemy
DEBUG:root:Order:1 18 18.0
DEBUG:root:Result: Action: min_ships_from_strongest_planet_to_nearest_enemy -> Success
DEBUG:root:Result: Selector: Selector -> Success
DEBUG:root:Result: Selector: Selector -> Success
DEBUG:root:Result: Selector: Root -> Success
DEBUG:root:Finish turn

DEBUG:root:Executing:Selector: Root
DEBUG:root:Executing:Selector: Selector
DEBUG:root:Executing:Check: have_largest_fleet
DEBUG:root:Result: Check: have_largest_fleet -> Failure
DEBUG:root:Executing:Selector: Selector
DEBUG:root:Executing:Action: min_ships_from_strongest_planet_to_nearest_enemy
DEBUG:root:Order:2 3 19.0
DEBUG:root:Result: Action: min_ships_from_strongest_planet_to_nearest_enemy -> Success
DEBUG:root:Result: Selector: Selector -> Success
DEBUG:root:Result: Selector: Selector -> Success
DEBUG:root:Result: Selector: Root -> Success
DEBUG:root:Finish turn

DEBUG:root:Executing:Selector: Root
DEBUG:root:Executing:Selector: Selector
DEBUG:root:Executing:Check: have_largest_fleet
DEBUG:root:Result: Check: have_largest_fleet -> Failure
DEBUG:root:Executing:Selector: Selector
DEBUG:root:Executing:Action: min_ships_from_strongest_planet_to_nearest_enemy
DEBUG:root:Order:2 3 21.0
DEBUG:root:Result: Action: min_ships_from_strongest_planet_to_nearest_enemy -> Success
DEBUG:root:Result: Selector: Selector -> Success
DEBUG:root:Result: Selector: Selector -> Success
DEBUG:root:Result: Selector: Root -> Success
DEBUG:root:Finish turn

DEBUG:root:Executing:Selector: Root
DEBUG:root:Executing:Selector: Selector
DEBUG:root:Executing:Check: have_largest_fleet
DEBUG:root:Result: Check: have_largest_fleet -> Failure
DEBUG:root:Executing:Selector: Selector
DEBUG:root:Executing:Action: min_ships_from_strongest_planet_to_nearest_enemy
DEBUG:root:Order:2 3 23.0
DEBUG:root:Result: Action: min_ships_from_strongest_planet_to_nearest_enemy -> Success
DEBUG:root:Result: Selector: Selector -> Success
DEBUG:root:Result: Selector: Selector -> Success
DEBUG:root:Result: Selector: Root -> Success
DEBUG:root:Finish turn

DEBUG:root:Executing:Selector: Root
DEBUG:root:Executing:Selector: Selector
DEBUG:root:Executing:Check: have_largest_fleet
DEBUG:root:Result: Check: have_largest_fleet -> Failure
DEBUG:root:Executing:Selector: Selector
DEBUG:root:Executing:Action: min_ships_from_strongest_planet_to_nearest_enemy
DEBUG:root:Order:2 3 25.0
DEBUG:root:Result: Action: min_ships_from_strongest_planet_to_nearest_enemy -> Success
DEBUG:root:Result: Selector: Selector -> Success
DEBUG:root:Result: Selector: Selector -> Success
DEBUG:root:Result: Selector: Root -> Success
DEBUG:root:Finish turn

DEBUG:root:Executing:Selector: Root
DEBUG:root:Executing:Selector: Selector
DEBUG:root:Executing:Check: have_largest_fleet
DEBUG:root:Result: Check: have_largest_fleet -> Failure
DEBUG:root:Executing:Selector: Selector
DEBUG:root:Executing:Action: min_ships_from_strongest_planet_to_nearest_enemy
DEBUG:root:Order:1 4 18.0
DEBUG:root:Result: Action: min_ships_from_strongest_planet_to_nearest_enemy -> Success
DEBUG:root:Result: Selector: Selector -> Success
DEBUG:root:Result: Selector: Selector -> Success
DEBUG:root:Result: Selector: Root -> Success
DEBUG:root:Finish turn

DEBUG:root:Executing:Selector: Root
DEBUG:root:Executing:Selector: Selector
DEBUG:root:Executing:Check: have_largest_fleet
DEBUG:root:Result: Check: have_largest_fleet -> Failure
DEBUG:root:Executing:Selector: Selector
DEBUG:root:Executing:Action: min_ships_from_strongest_planet_to_nearest_enemy
DEBUG:root:Bad order:2 34.0 58.0
DEBUG:root:Result: Action: min_ships_from_strongest_planet_to_nearest_enemy -> Failure
DEBUG:root:Executing:Check: have_largest_fleet
DEBUG:root:Result: Check: have_largest_fleet -> Failure
DEBUG:root:Result: Selector: Selector -> Failure
DEBUG:root:Result: Selector: Selector -> Failure
DEBUG:root:Result: Selector: Root -> Failure
DEBUG:root:Finish turn

DEBUG:root:Executing:Selector: Root
DEBUG:root:Executing:Selector: Selector
DEBUG:root:Executing:Check: have_largest_fleet
DEBUG:root:Result: Check: have_largest_fleet -> Failure
DEBUG:root:Executing:Selector: Selector
DEBUG:root:Executing:Action: min_ships_from_strongest_planet_to_nearest_enemy
DEBUG:root:Order:21 0 2.0
DEBUG:root:Result: Action: min_ships_from_strongest_planet_to_nearest_enemy -> Success
DEBUG:root:Result: Selector: Selector -> Success
DEBUG:root:Result: Selector: Selector -> Success
DEBUG:root:Result: Selector: Root -> Success
DEBUG:root:Finish turn

DEBUG:root:Executing:Selector: Root
DEBUG:root:Executing:Selector: Selector
DEBUG:root:Executing:Check: have_largest_fleet
DEBUG:root:Result: Check: have_largest_fleet -> Failure
DEBUG:root:Executing:Selector: Selector
DEBUG:root:Executing:Action: min_ships_from_strongest_planet_to_nearest_enemy
DEBUG:root:Order:3 17 56.0
DEBUG:root:Result: Action: min_ships_from_strongest_planet_to_nearest_enemy -> Success
DEBUG:root:Result: Selector: Selector -> Success
DEBUG:root:Result: Selector: Selector -> Success
DEBUG:root:Result: Selector: Root -> Success
DEBUG:root:Finish turn

DEBUG:root:Executing:Selector: Root
DEBUG:root:Executing:Selector: Selector
DEBUG:root:Executing:Check: have_largest_fleet
DEBUG:root:Result: Check: have_largest_fleet -> Failure
DEBUG:root:Executing:Selector: Selector
DEBUG:root:Executing:Action: min_ships_from_strongest_planet_to_nearest_enemy
DEBUG:root:Bad order:21 58.0 68.0
DEBUG:root:Result: Action: min_ships_from_strongest_planet_to_nearest_enemy -> Failure
DEBUG:root:Executing:Check: have_largest_fleet
DEBUG:root:Result: Check: have_largest_fleet -> Failure
DEBUG:root:Result: Selector: Selector -> Failure
DEBUG:root:Result: Selector: Selector -> Failure
DEBUG:root:Result: Selector: Root -> Failure
DEBUG:root:Finish turn

DEBUG:root:Executing:Selector: Root
DEBUG:root:Executing:Selector: Selector
DEBUG:root:Executing:Check: have_largest_fleet
DEBUG:root:Result: Check: have_largest_fleet -> Failure
DEBUG:root:Executing:Selector: Selector
DEBUG:root:Executing:Action: min_ships_from_strongest_planet_to_nearest_enemy
DEBUG:root:Order:21 22 27.0
DEBUG:root:Result: Action: min_ships_from_strongest_planet_to_nearest_enemy -> Success
DEBUG:root:Result: Selector: Selector -> Success
DEBUG:root:Result: Selector: Selector -> Success
DEBUG:root:Result: Selector: Root -> Success
DEBUG:root:Finish turn

DEBUG:root:Executing:Selector: Root
DEBUG:root:Executing:Selector: Selector
DEBUG:root:Executing:Check: have_largest_fleet
DEBUG:root:Result: Check: have_largest_fleet -> Failure
DEBUG:root:Executing:Selector: Selector
DEBUG:root:Executing:Action: min_ships_from_strongest_planet_to_nearest_enemy
DEBUG:root:Order:2 5 37.0
DEBUG:root:Result: Action: min_ships_from_strongest_planet_to_nearest_enemy -> Success
DEBUG:root:Result: Selector: Selector -> Success
DEBUG:root:Result: Selector: Selector -> Success
DEBUG:root:Result: Selector: Root -> Success
DEBUG:root:Finish turn

DEBUG:root:Executing:Selector: Root
DEBUG:root:Executing:Selector: Selector
DEBUG:root:Executing:Check: have_largest_fleet
DEBUG:root:Result: Check: have_largest_fleet -> Failure
DEBUG:root:Executing:Selector: Selector
DEBUG:root:Executing:Action: min_ships_from_strongest_planet_to_nearest_enemy
DEBUG:root:Order:17 5 47.0
DEBUG:root:Result: Action: min_ships_from_strongest_planet_to_nearest_enemy -> Success
DEBUG:root:Result: Selector: Selector -> Success
DEBUG:root:Result: Selector: Selector -> Success
DEBUG:root:Result: Selector: Root -> Success
DEBUG:root:Finish turn

DEBUG:root:Executing:Selector: Root
DEBUG:root:Executing:Selector: Selector
DEBUG:root:Executing:Check: have_largest_fleet
DEBUG:root:Result: Check: have_largest_fleet -> Success
DEBUG:root:Result: Selector: Selector -> Success
DEBUG:root:Result: Selector: Root -> Success
DEBUG:root:Finish turn

DEBUG:root:Executing:Selector: Root
DEBUG:root:Executing:Selector: Selector
DEBUG:root:Executing:Check: have_largest_fleet
DEBUG:root:Result: Check: have_largest_fleet -> Success
DEBUG:root:Result: Selector: Selector -> Success
DEBUG:root:Result: Selector: Root -> Success
DEBUG:root:Finish turn

DEBUG:root:Executing:Selector: Root
DEBUG:root:Executing:Selector: Selector
DEBUG:root:Executing:Check: have_largest_fleet
DEBUG:root:Result: Check: have_largest_fleet -> Success
DEBUG:root:Result: Selector: Selector -> Success
DEBUG:root:Result: Selector: Root -> Success
DEBUG:root:Finish turn

DEBUG:root:Executing:Selector: Root
DEBUG:root:Executing:Selector: Selector
DEBUG:root:Executing:Check: have_largest_fleet
DEBUG:root:Result: Check: have_largest_fleet -> Success
DEBUG:root:Result: Selector: Selector -> Success
DEBUG:root:Result: Selector: Root -> Success
DEBUG:root:Finish turn

DEBUG:root:Executing:Selector: Root
DEBUG:root:Executing:Selector: Selector
DEBUG:root:Executing:Check: have_largest_fleet
DEBUG:root:Result: Check: have_largest_fleet -> Success
DEBUG:root:Result: Selector: Selector -> Success
DEBUG:root:Result: Selector: Root -> Success
DEBUG:root:Finish turn

DEBUG:root:Executing:Selector: Root
DEBUG:root:Executing:Selector: Selector
DEBUG:root:Executing:Check: have_largest_fleet
DEBUG:root:Result: Check: have_largest_fleet -> Success
DEBUG:root:Result: Selector: Selector -> Success
DEBUG:root:Result: Selector: Root -> Success
DEBUG:root:Finish turn

DEBUG:root:Executing:Selector: Root
DEBUG:root:Executing:Selector: Selector
DEBUG:root:Executing:Check: have_largest_fleet
DEBUG:root:Result: Check: have_largest_fleet -> Success
DEBUG:root:Result: Selector: Selector -> Success
DEBUG:root:Result: Selector: Root -> Success
DEBUG:root:Finish turn

DEBUG:root:Executing:Selector: Root
DEBUG:root:Executing:Selector: Selector
DEBUG:root:Executing:Check: have_largest_fleet
DEBUG:root:Result: Check: have_largest_fleet -> Success
DEBUG:root:Result: Selector: Selector -> Success
DEBUG:root:Result: Selector: Root -> Success
DEBUG:root:Finish turn

DEBUG:root:Executing:Selector: Root
DEBUG:root:Executing:Selector: Selector
DEBUG:root:Executing:Check: have_largest_fleet
DEBUG:root:Result: Check: have_largest_fleet -> Success
DEBUG:root:Result: Selector: Selector -> Success
DEBUG:root:Result: Selector: Root -> Success
DEBUG:root:Finish turn

DEBUG:root:Executing:Selector: Root
DEBUG:root:Executing:Selector: Selector
DEBUG:root:Executing:Check: have_largest_fleet
DEBUG:root:Result: Check: have_largest_fleet -> Success
DEBUG:root:Result: Selector: Selector -> Success
DEBUG:root:Result: Selector: Root -> Success
DEBUG:root:Finish turn

DEBUG:root:Executing:Selector: Root
DEBUG:root:Executing:Selector: Selector
DEBUG:root:Executing:Check: have_largest_fleet
DEBUG:root:Result: Check: have_largest_fleet -> Success
DEBUG:root:Result: Selector: Selector -> Success
DEBUG:root:Result: Selector: Root -> Success
DEBUG:root:Finish turn

DEBUG:root:Executing:Selector: Root
DEBUG:root:Executing:Selector: Selector
DEBUG:root:Executing:Check: have_largest_fleet
DEBUG:root:Result: Check: have_largest_fleet -> Success
DEBUG:root:Result: Selector: Selector -> Success
DEBUG:root:Result: Selector: Root -> Success
DEBUG:root:Finish turn

DEBUG:root:Executing:Selector: Root
DEBUG:root:Executing:Selector: Selector
DEBUG:root:Executing:Check: have_largest_fleet
DEBUG:root:Result: Check: have_largest_fleet -> Success
DEBUG:root:Result: Selector: Selector -> Success
DEBUG:root:Result: Selector: Root -> Success
DEBUG:root:Finish turn

DEBUG:root:Executing:Selector: Root
DEBUG:root:Executing:Selector: Selector
DEBUG:root:Executing:Check: have_largest_fleet
DEBUG:root:Result: Check: have_largest_fleet -> Success
DEBUG:root:Result: Selector: Selector -> Success
DEBUG:root:Result: Selector: Root -> Success
DEBUG:root:Finish turn

DEBUG:root:Executing:Selector: Root
DEBUG:root:Executing:Selector: Selector
DEBUG:root:Executing:Check: have_largest_fleet
DEBUG:root:Result: Check: have_largest_fleet -> Success
DEBUG:root:Result: Selector: Selector -> Success
DEBUG:root:Result: Selector: Root -> Success
DEBUG:root:Finish turn

DEBUG:root:Executing:Selector: Root
DEBUG:root:Executing:Selector: Selector
DEBUG:root:Executing:Check: have_largest_fleet
DEBUG:root:Result: Check: have_largest_fleet -> Success
DEBUG:root:Result: Selector: Selector -> Success
DEBUG:root:Result: Selector: Root -> Success
DEBUG:root:Finish turn

DEBUG:root:Executing:Selector: Root
DEBUG:root:Executing:Selector: Selector
DEBUG:root:Executing:Check: have_largest_fleet
DEBUG:root:Result: Check: have_largest_fleet -> Success
DEBUG:root:Result: Selector: Selector -> Success
DEBUG:root:Result: Selector: Root -> Success
DEBUG:root:Finish turn

DEBUG:root:Executing:Selector: Root
DEBUG:root:Executing:Selector: Selector
DEBUG:root:Executing:Check: have_largest_fleet
DEBUG:root:Result: Check: have_largest_fleet -> Success
DEBUG:root:Result: Selector: Selector -> Success
DEBUG:root:Result: Selector: Root -> Success
DEBUG:root:Finish turn

DEBUG:root:Executing:Selector: Root
DEBUG:root:Executing:Selector: Selector
DEBUG:root:Executing:Check: have_largest_fleet
DEBUG:root:Result: Check: have_largest_fleet -> Success
DEBUG:root:Result: Selector: Selector -> Success
DEBUG:root:Result: Selector: Root -> Success
DEBUG:root:Finish turn

DEBUG:root:Executing:Selector: Root
DEBUG:root:Executing:Selector: Selector
DEBUG:root:Executing:Check: have_largest_fleet
DEBUG:root:Result: Check: have_largest_fleet -> Success
DEBUG:root:Result: Selector: Selector -> Success
DEBUG:root:Result: Selector: Root -> Success
DEBUG:root:Finish turn

DEBUG:root:Executing:Selector: Root
DEBUG:root:Executing:Selector: Selector
DEBUG:root:Executing:Check: have_largest_fleet
DEBUG:root:Result: Check: have_largest_fleet -> Success
DEBUG:root:Result: Selector: Selector -> Success
DEBUG:root:Result: Selector: Root -> Success
DEBUG:root:Finish turn

DEBUG:root:Executing:Selector: Root
DEBUG:root:Executing:Selector: Selector
DEBUG:root:Executing:Check: have_largest_fleet
DEBUG:root:Result: Check: have_largest_fleet -> Success
DEBUG:root:Result: Selector: Selector -> Success
DEBUG:root:Result: Selector: Root -> Success
DEBUG:root:Finish turn

DEBUG:root:Executing:Selector: Root
DEBUG:root:Executing:Selector: Selector
DEBUG:root:Executing:Check: have_largest_fleet
DEBUG:root:Result: Check: have_largest_fleet -> Success
DEBUG:root:Result: Selector: Selector -> Success
DEBUG:root:Result: Selector: Root -> Success
DEBUG:root:Finish turn

DEBUG:root:Executing:Selector: Root
DEBUG:root:Executing:Selector: Selector
DEBUG:root:Executing:Check: have_largest_fleet
DEBUG:root:Result: Check: have_largest_fleet -> Success
DEBUG:root:Result: Selector: Selector -> Success
DEBUG:root:Result: Selector: Root -> Success
DEBUG:root:Finish turn

DEBUG:root:Executing:Selector: Root
DEBUG:root:Executing:Selector: Selector
DEBUG:root:Executing:Check: have_largest_fleet
DEBUG:root:Result: Check: have_largest_fleet -> Success
DEBUG:root:Result: Selector: Selector -> Success
DEBUG:root:Result: Selector: Root -> Success
DEBUG:root:Finish turn

DEBUG:root:Executing:Selector: Root
DEBUG:root:Executing:Selector: Selector
DEBUG:root:Executing:Check: have_largest_fleet
DEBUG:root:Result: Check: have_largest_fleet -> Success
DEBUG:root:Result: Selector: Selector -> Success
DEBUG:root:Result: Selector: Root -> Success
DEBUG:root:Finish turn

DEBUG:root:Executing:Selector: Root
DEBUG:root:Executing:Selector: Selector
DEBUG:root:Executing:Check: have_largest_fleet
DEBUG:root:Result: Check: have_largest_fleet -> Success
DEBUG:root:Result: Selector: Selector -> Success
DEBUG:root:Result: Selector: Root -> Success
DEBUG:root:Finish turn

DEBUG:root:Executing:Selector: Root
DEBUG:root:Executing:Selector: Selector
DEBUG:root:Executing:Check: have_largest_fleet
DEBUG:root:Result: Check: have_largest_fleet -> Success
DEBUG:root:Result: Selector: Selector -> Success
DEBUG:root:Result: Selector: Root -> Success
DEBUG:root:Finish turn

DEBUG:root:Executing:Selector: Root
DEBUG:root:Executing:Selector: Selector
DEBUG:root:Executing:Check: have_largest_fleet
DEBUG:root:Result: Check: have_largest_fleet -> Success
DEBUG:root:Result: Selector: Selector -> Success
DEBUG:root:Result: Selector: Root -> Success
DEBUG:root:Finish turn

DEBUG:root:Executing:Selector: Root
DEBUG:root:Executing:Selector: Selector
DEBUG:root:Executing:Check: have_largest_fleet
DEBUG:root:Result: Check: have_largest_fleet -> Success
DEBUG:root:Result: Selector: Selector -> Success
DEBUG:root:Result: Selector: Root -> Success
DEBUG:root:Finish turn

DEBUG:root:Executing:Selector: Root
DEBUG:root:Executing:Selector: Selector
DEBUG:root:Executing:Check: have_largest_fleet
DEBUG:root:Result: Check: have_largest_fleet -> Success
DEBUG:root:Result: Selector: Selector -> Success
DEBUG:root:Result: Selector: Root -> Success
DEBUG:root:Finish turn

DEBUG:root:Executing:Selector: Root
DEBUG:root:Executing:Selector: Selector
DEBUG:root:Executing:Check: have_largest_fleet
DEBUG:root:Result: Check: have_largest_fleet -> Success
DEBUG:root:Result: Selector: Selector -> Success
DEBUG:root:Result: Selector: Root -> Success
DEBUG:root:Finish turn

DEBUG:root:Executing:Selector: Root
DEBUG:root:Executing:Selector: Selector
DEBUG:root:Executing:Check: have_largest_fleet
DEBUG:root:Result: Check: have_largest_fleet -> Success
DEBUG:root:Result: Selector: Selector -> Success
DEBUG:root:Result: Selector: Root -> Success
DEBUG:root:Finish turn

DEBUG:root:Executing:Selector: Root
DEBUG:root:Executing:Selector: Selector
DEBUG:root:Executing:Check: have_largest_fleet
DEBUG:root:Result: Check: have_largest_fleet -> Success
DEBUG:root:Result: Selector: Selector -> Success
DEBUG:root:Result: Selector: Root -> Success
DEBUG:root:Finish turn

DEBUG:root:Executing:Selector: Root
DEBUG:root:Executing:Selector: Selector
DEBUG:root:Executing:Check: have_largest_fleet
DEBUG:root:Result: Check: have_largest_fleet -> Success
DEBUG:root:Result: Selector: Selector -> Success
DEBUG:root:Result: Selector: Root -> Success
DEBUG:root:Finish turn

DEBUG:root:Executing:Selector: Root
DEBUG:root:Executing:Selector: Selector
DEBUG:root:Executing:Check: have_largest_fleet
DEBUG:root:Result: Check: have_largest_fleet -> Success
DEBUG:root:Result: Selector: Selector -> Success
DEBUG:root:Result: Selector: Root -> Success
DEBUG:root:Finish turn

DEBUG:root:Executing:Selector: Root
DEBUG:root:Executing:Selector: Selector
DEBUG:root:Executing:Check: have_largest_fleet
DEBUG:root:Result: Check: have_largest_fleet -> Success
DEBUG:root:Result: Selector: Selector -> Success
DEBUG:root:Result: Selector: Root -> Success
DEBUG:root:Finish turn

DEBUG:root:Executing:Selector: Root
DEBUG:root:Executing:Selector: Selector
DEBUG:root:Executing:Check: have_largest_fleet
DEBUG:root:Result: Check: have_largest_fleet -> Success
DEBUG:root:Result: Selector: Selector -> Success
DEBUG:root:Result: Selector: Root -> Success
DEBUG:root:Finish turn

DEBUG:root:Executing:Selector: Root
DEBUG:root:Executing:Selector: Selector
DEBUG:root:Executing:Check: have_largest_fleet
DEBUG:root:Result: Check: have_largest_fleet -> Success
DEBUG:root:Result: Selector: Selector -> Success
DEBUG:root:Result: Selector: Root -> Success
DEBUG:root:Finish turn

DEBUG:root:Executing:Selector: Root
DEBUG:root:Executing:Selector: Selector
DEBUG:root:Executing:Check: have_largest_fleet
DEBUG:root:Result: Check: have_largest_fleet -> Success
DEBUG:root:Result: Selector: Selector -> Success
DEBUG:root:Result: Selector: Root -> Success
DEBUG:root:Finish turn

DEBUG:root:Executing:Selector: Root
DEBUG:root:Executing:Selector: Selector
DEBUG:root:Executing:Check: have_largest_fleet
DEBUG:root:Result: Check: have_largest_fleet -> Success
DEBUG:root:Result: Selector: Selector -> Success
DEBUG:root:Result: Selector: Root -> Success
DEBUG:root:Finish turn

DEBUG:root:Executing:Selector: Root
DEBUG:root:Executing:Selector: Selector
DEBUG:root:Executing:Check: have_largest_fleet
DEBUG:root:Result: Check: have_largest_fleet -> Success
DEBUG:root:Result: Selector: Selector -> Success
DEBUG:root:Result: Selector: Root -> Success
DEBUG:root:Finish turn

DEBUG:root:Executing:Selector: Root
DEBUG:root:Executing:Selector: Selector
DEBUG:root:Executing:Check: have_largest_fleet
DEBUG:root:Result: Check: have_largest_fleet -> Success
DEBUG:root:Result: Selector: Selector -> Success
DEBUG:root:Result: Selector: Root -> Success
DEBUG:root:Finish turn

DEBUG:root:Executing:Selector: Root
DEBUG:root:Executing:Selector: Selector
DEBUG:root:Executing:Check: have_largest_fleet
DEBUG:root:Result: Check: have_largest_fleet -> Success
DEBUG:root:Result: Selector: Selector -> Success
DEBUG:root:Result: Selector: Root -> Success
DEBUG:root:Finish turn

DEBUG:root:Executing:Selector: Root
DEBUG:root:Executing:Selector: Selector
DEBUG:root:Executing:Check: have_largest_fleet
DEBUG:root:Result: Check: have_largest_fleet -> Success
DEBUG:root:Result: Selector: Selector -> Success
DEBUG:root:Result: Selector: Root -> Success
DEBUG:root:Finish turn

DEBUG:root:Executing:Selector: Root
DEBUG:root:Executing:Selector: Selector
DEBUG:root:Executing:Check: have_largest_fleet
DEBUG:root:Result: Check: have_largest_fleet -> Success
DEBUG:root:Result: Selector: Selector -> Success
DEBUG:root:Result: Selector: Root -> Success
DEBUG:root:Finish turn

DEBUG:root:Executing:Selector: Root
DEBUG:root:Executing:Selector: Selector
DEBUG:root:Executing:Check: have_largest_fleet
DEBUG:root:Result: Check: have_largest_fleet -> Success
DEBUG:root:Result: Selector: Selector -> Success
DEBUG:root:Result: Selector: Root -> Success
DEBUG:root:Finish turn

DEBUG:root:Executing:Selector: Root
DEBUG:root:Executing:Selector: Selector
DEBUG:root:Executing:Check: have_largest_fleet
DEBUG:root:Result: Check: have_largest_fleet -> Success
DEBUG:root:Result: Selector: Selector -> Success
DEBUG:root:Result: Selector: Root -> Success
DEBUG:root:Finish turn

DEBUG:root:Executing:Selector: Root
DEBUG:root:Executing:Selector: Selector
